<?xml version="1.0" encoding="UTF-8"?>
<coverage generated="1720542247749" clover="3.2.0">
  <project timestamp="1720542247750" name="All files">
    <metrics statements="78" coveredstatements="54" conditionals="22" coveredconditionals="12" methods="43" coveredmethods="27" elements="143" coveredelements="93" complexity="0" loc="78" ncloc="78" packages="1" files="4" classes="4"/>
    <file name="Emprestimo.ts" path="C:\Users\usuario\Downloads\TrabalhoFinal (2)\TrabalhoFinal\Emprestimo.ts">
      <metrics statements="38" coveredstatements="28" conditionals="22" coveredconditionals="12" methods="16" coveredmethods="12"/>
      <line num="5" count="2" type="cond" truecount="2" falsecount="0"/>
      <line num="8" count="1" type="stmt"/>
      <line num="16" count="4" type="cond" truecount="2" falsecount="1"/>
      <line num="17" count="0" type="stmt"/>
      <line num="19" count="4" type="stmt"/>
      <line num="20" count="4" type="stmt"/>
      <line num="21" count="4" type="stmt"/>
      <line num="22" count="4" type="stmt"/>
      <line num="23" count="4" type="stmt"/>
      <line num="27" count="2" type="stmt"/>
      <line num="31" count="0" type="stmt"/>
      <line num="35" count="2" type="stmt"/>
      <line num="39" count="0" type="stmt"/>
      <line num="43" count="2" type="stmt"/>
      <line num="47" count="0" type="stmt"/>
      <line num="51" count="2" type="stmt"/>
      <line num="55" count="0" type="stmt"/>
      <line num="59" count="2" type="stmt"/>
      <line num="63" count="1" type="stmt"/>
      <line num="67" count="1" type="cond" truecount="0" falsecount="1"/>
      <line num="68" count="0" type="stmt"/>
      <line num="70" count="1" type="cond" truecount="0" falsecount="1"/>
      <line num="71" count="0" type="stmt"/>
      <line num="74" count="1" type="cond" truecount="3" falsecount="1"/>
      <line num="75" count="1" type="cond" truecount="3" falsecount="1"/>
      <line num="76" count="1" type="cond" truecount="2" falsecount="2"/>
      <line num="77" count="1" type="stmt"/>
      <line num="81" count="1" type="stmt"/>
      <line num="82" count="1" type="stmt"/>
      <line num="83" count="1" type="stmt"/>
      <line num="85" count="1" type="cond" truecount="0" falsecount="1"/>
      <line num="86" count="0" type="stmt"/>
      <line num="88" count="1" type="cond" truecount="0" falsecount="1"/>
      <line num="89" count="0" type="stmt"/>
      <line num="92" count="1" type="stmt"/>
      <line num="93" count="1" type="cond" truecount="0" falsecount="1"/>
      <line num="94" count="0" type="stmt"/>
      <line num="96" count="1" type="stmt"/>
    </file>
    <file name="Livro.ts" path="C:\Users\usuario\Downloads\TrabalhoFinal (2)\TrabalhoFinal\Livro.ts">
      <metrics statements="17" coveredstatements="13" conditionals="0" coveredconditionals="0" methods="12" coveredmethods="8"/>
      <line num="1" count="2" type="stmt"/>
      <line num="8" count="5" type="stmt"/>
      <line num="9" count="5" type="stmt"/>
      <line num="10" count="5" type="stmt"/>
      <line num="11" count="5" type="stmt"/>
      <line num="15" count="3" type="stmt"/>
      <line num="19" count="1" type="stmt"/>
      <line num="23" count="2" type="stmt"/>
      <line num="27" count="0" type="stmt"/>
      <line num="31" count="5" type="stmt"/>
      <line num="35" count="0" type="stmt"/>
      <line num="39" count="2" type="stmt"/>
      <line num="43" count="0" type="stmt"/>
      <line num="47" count="1" type="stmt"/>
      <line num="51" count="1" type="stmt"/>
      <line num="52" count="1" type="stmt"/>
      <line num="56" count="0" type="stmt"/>
    </file>
    <file name="Membro.ts" path="C:\Users\usuario\Downloads\TrabalhoFinal (2)\TrabalhoFinal\Membro.ts">
      <metrics statements="9" coveredstatements="5" conditionals="0" coveredconditionals="0" methods="5" coveredmethods="2"/>
      <line num="1" count="2" type="stmt"/>
      <line num="3" count="2" type="stmt"/>
      <line num="7" count="4" type="stmt"/>
      <line num="8" count="4" type="stmt"/>
      <line num="12" count="5" type="stmt"/>
      <line num="16" count="0" type="stmt"/>
      <line num="20" count="0" type="stmt"/>
      <line num="24" count="0" type="stmt"/>
      <line num="25" count="0" type="stmt"/>
    </file>
    <file name="Pessoa.ts" path="C:\Users\usuario\Downloads\TrabalhoFinal (2)\TrabalhoFinal\Pessoa.ts">
      <metrics statements="14" coveredstatements="8" conditionals="0" coveredconditionals="0" methods="10" coveredmethods="5"/>
      <line num="3" count="4" type="stmt"/>
      <line num="4" count="4" type="stmt"/>
      <line num="5" count="4" type="stmt"/>
      <line num="9" count="3" type="stmt"/>
      <line num="13" count="1" type="stmt"/>
      <line num="17" count="2" type="stmt"/>
      <line num="21" count="0" type="stmt"/>
      <line num="25" count="2" type="stmt"/>
      <line num="29" count="0" type="stmt"/>
      <line num="33" count="0" type="stmt"/>
      <line num="37" count="0" type="stmt"/>
      <line num="41" count="0" type="stmt"/>
      <line num="42" count="0" type="stmt"/>
      <line num="46" count="2" type="stmt"/>
    </file>
  </project>
</coverage>
