{"C:\\Users\\usuario\\Downloads\\TrabalhoFinal (2)\\TrabalhoFinal\\Emprestimo.ts": {"path":"C:\\Users\\usuario\\Downloads\\TrabalhoFinal (2)\\TrabalhoFinal\\Emprestimo.ts","statementMap":{"0":{"start":{"line":5,"column":4},"end":{"line":5,"column":58}},"1":{"start":{"line":16,"column":8},"end":{"line":18,"column":9}},"2":{"start":{"line":17,"column":12},"end":{"line":17,"column":56}},"3":{"start":{"line":19,"column":8},"end":{"line":19,"column":27}},"4":{"start":{"line":20,"column":8},"end":{"line":20,"column":29}},"5":{"start":{"line":21,"column":8},"end":{"line":21,"column":45}},"6":{"start":{"line":22,"column":8},"end":{"line":22,"column":59}},"7":{"start":{"line":23,"column":8},"end":{"line":23,"column":34}},"8":{"start":{"line":27,"column":8},"end":{"line":27,"column":26}},"9":{"start":{"line":31,"column":8},"end":{"line":31,"column":27}},"10":{"start":{"line":35,"column":8},"end":{"line":35,"column":27}},"11":{"start":{"line":39,"column":8},"end":{"line":39,"column":29}},"12":{"start":{"line":43,"column":8},"end":{"line":43,"column":35}},"13":{"start":{"line":47,"column":8},"end":{"line":47,"column":45}},"14":{"start":{"line":51,"column":8},"end":{"line":51,"column":42}},"15":{"start":{"line":55,"column":8},"end":{"line":55,"column":59}},"16":{"start":{"line":59,"column":8},"end":{"line":59,"column":34}},"17":{"start":{"line":63,"column":8},"end":{"line":63,"column":40}},"18":{"start":{"line":67,"column":8},"end":{"line":69,"column":9}},"19":{"start":{"line":68,"column":12},"end":{"line":68,"column":53}},"20":{"start":{"line":70,"column":8},"end":{"line":72,"column":9}},"21":{"start":{"line":71,"column":12},"end":{"line":71,"column":54}},"22":{"start":{"line":74,"column":34},"end":{"line":74,"column":130}},"23":{"start":{"line":75,"column":41},"end":{"line":75,"column":158}},"24":{"start":{"line":76,"column":33},"end":{"line":76,"column":126}},"25":{"start":{"line":77,"column":8},"end":{"line":77,"column":140}},"26":{"start":{"line":81,"column":88},"end":{"line":81,"column":102}},"27":{"start":{"line":82,"column":22},"end":{"line":82,"column":60}},"28":{"start":{"line":82,"column":39},"end":{"line":82,"column":59}},"29":{"start":{"line":83,"column":23},"end":{"line":83,"column":72}},"30":{"start":{"line":83,"column":41},"end":{"line":83,"column":71}},"31":{"start":{"line":85,"column":8},"end":{"line":87,"column":9}},"32":{"start":{"line":86,"column":12},"end":{"line":86,"column":69}},"33":{"start":{"line":88,"column":8},"end":{"line":90,"column":9}},"34":{"start":{"line":89,"column":12},"end":{"line":89,"column":80}},"35":{"start":{"line":92,"column":27},"end":{"line":92,"column":115}},"36":{"start":{"line":93,"column":8},"end":{"line":95,"column":9}},"37":{"start":{"line":94,"column":12},"end":{"line":94,"column":63}},"38":{"start":{"line":96,"column":8},"end":{"line":96,"column":26}},"39":{"start":{"line":8,"column":0},"end":{"line":8,"column":13}}},"fnMap":{"0":{"name":"isValidDate","decl":{"start":{"line":4,"column":9},"end":{"line":4,"column":20}},"loc":{"start":{"line":4,"column":31},"end":{"line":6,"column":1}}},"1":{"name":"(anonymous_1)","decl":{"start":{"line":15,"column":4},"end":{"line":15,"column":16}},"loc":{"start":{"line":15,"column":95},"end":{"line":24,"column":5}}},"2":{"name":"(anonymous_2)","decl":{"start":{"line":26,"column":4},"end":{"line":26,"column":12}},"loc":{"start":{"line":26,"column":12},"end":{"line":28,"column":5}}},"3":{"name":"(anonymous_3)","decl":{"start":{"line":30,"column":4},"end":{"line":30,"column":12}},"loc":{"start":{"line":30,"column":25},"end":{"line":32,"column":5}}},"4":{"name":"(anonymous_4)","decl":{"start":{"line":34,"column":4},"end":{"line":34,"column":13}},"loc":{"start":{"line":34,"column":13},"end":{"line":36,"column":5}}},"5":{"name":"(anonymous_5)","decl":{"start":{"line":38,"column":4},"end":{"line":38,"column":13}},"loc":{"start":{"line":38,"column":28},"end":{"line":40,"column":5}}},"6":{"name":"(anonymous_6)","decl":{"start":{"line":42,"column":4},"end":{"line":42,"column":21}},"loc":{"start":{"line":42,"column":21},"end":{"line":44,"column":5}}},"7":{"name":"(anonymous_7)","decl":{"start":{"line":46,"column":4},"end":{"line":46,"column":21}},"loc":{"start":{"line":46,"column":42},"end":{"line":48,"column":5}}},"8":{"name":"(anonymous_8)","decl":{"start":{"line":50,"column":4},"end":{"line":50,"column":28}},"loc":{"start":{"line":50,"column":28},"end":{"line":52,"column":5}}},"9":{"name":"(anonymous_9)","decl":{"start":{"line":54,"column":4},"end":{"line":54,"column":28}},"loc":{"start":{"line":54,"column":56},"end":{"line":56,"column":5}}},"10":{"name":"(anonymous_10)","decl":{"start":{"line":58,"column":4},"end":{"line":58,"column":20}},"loc":{"start":{"line":58,"column":20},"end":{"line":60,"column":5}}},"11":{"name":"(anonymous_11)","decl":{"start":{"line":62,"column":4},"end":{"line":62,"column":17}},"loc":{"start":{"line":62,"column":17},"end":{"line":64,"column":5}}},"12":{"name":"(anonymous_12)","decl":{"start":{"line":66,"column":4},"end":{"line":66,"column":9}},"loc":{"start":{"line":66,"column":9},"end":{"line":78,"column":5}}},"13":{"name":"(anonymous_13)","decl":{"start":{"line":80,"column":4},"end":{"line":80,"column":10}},"loc":{"start":{"line":80,"column":66},"end":{"line":97,"column":5}}},"14":{"name":"(anonymous_14)","decl":{"start":{"line":82,"column":34},"end":{"line":82,"column":35}},"loc":{"start":{"line":82,"column":39},"end":{"line":82,"column":59}}},"15":{"name":"(anonymous_15)","decl":{"start":{"line":83,"column":36},"end":{"line":83,"column":37}},"loc":{"start":{"line":83,"column":41},"end":{"line":83,"column":71}}}},"branchMap":{"0":{"loc":{"start":{"line":5,"column":11},"end":{"line":5,"column":57}},"type":"binary-expr","locations":[{"start":{"line":5,"column":11},"end":{"line":5,"column":31}},{"start":{"line":5,"column":35},"end":{"line":5,"column":57}}]},"1":{"loc":{"start":{"line":16,"column":8},"end":{"line":18,"column":9}},"type":"if","locations":[{"start":{"line":16,"column":8},"end":{"line":18,"column":9}}]},"2":{"loc":{"start":{"line":16,"column":12},"end":{"line":16,"column":29}},"type":"binary-expr","locations":[{"start":{"line":16,"column":12},"end":{"line":16,"column":18}},{"start":{"line":16,"column":22},"end":{"line":16,"column":29}}]},"3":{"loc":{"start":{"line":67,"column":8},"end":{"line":69,"column":9}},"type":"if","locations":[{"start":{"line":67,"column":8},"end":{"line":69,"column":9}}]},"4":{"loc":{"start":{"line":70,"column":8},"end":{"line":72,"column":9}},"type":"if","locations":[{"start":{"line":70,"column":8},"end":{"line":72,"column":9}}]},"5":{"loc":{"start":{"line":74,"column":34},"end":{"line":74,"column":130}},"type":"cond-expr","locations":[{"start":{"line":74,"column":92},"end":{"line":74,"column":125}},{"start":{"line":74,"column":128},"end":{"line":74,"column":130}}]},"6":{"loc":{"start":{"line":74,"column":34},"end":{"line":74,"column":89}},"type":"binary-expr","locations":[{"start":{"line":74,"column":34},"end":{"line":74,"column":53}},{"start":{"line":74,"column":57},"end":{"line":74,"column":89}}]},"7":{"loc":{"start":{"line":75,"column":41},"end":{"line":75,"column":158}},"type":"cond-expr","locations":[{"start":{"line":75,"column":113},"end":{"line":75,"column":153}},{"start":{"line":75,"column":156},"end":{"line":75,"column":158}}]},"8":{"loc":{"start":{"line":75,"column":41},"end":{"line":75,"column":110}},"type":"binary-expr","locations":[{"start":{"line":75,"column":41},"end":{"line":75,"column":67}},{"start":{"line":75,"column":71},"end":{"line":75,"column":110}}]},"9":{"loc":{"start":{"line":76,"column":33},"end":{"line":76,"column":126}},"type":"cond-expr","locations":[{"start":{"line":76,"column":89},"end":{"line":76,"column":121}},{"start":{"line":76,"column":124},"end":{"line":76,"column":126}}]},"10":{"loc":{"start":{"line":76,"column":33},"end":{"line":76,"column":86}},"type":"binary-expr","locations":[{"start":{"line":76,"column":33},"end":{"line":76,"column":51}},{"start":{"line":76,"column":55},"end":{"line":76,"column":86}}]},"11":{"loc":{"start":{"line":85,"column":8},"end":{"line":87,"column":9}},"type":"if","locations":[{"start":{"line":85,"column":8},"end":{"line":87,"column":9}}]},"12":{"loc":{"start":{"line":88,"column":8},"end":{"line":90,"column":9}},"type":"if","locations":[{"start":{"line":88,"column":8},"end":{"line":90,"column":9}}]},"13":{"loc":{"start":{"line":93,"column":8},"end":{"line":95,"column":9}},"type":"if","locations":[{"start":{"line":93,"column":8},"end":{"line":95,"column":9}}]}},"s":{"0":2,"1":4,"2":0,"3":4,"4":4,"5":4,"6":4,"7":4,"8":2,"9":0,"10":2,"11":0,"12":2,"13":0,"14":2,"15":0,"16":2,"17":1,"18":1,"19":0,"20":1,"21":0,"22":1,"23":1,"24":1,"25":1,"26":1,"27":1,"28":1,"29":1,"30":1,"31":1,"32":0,"33":1,"34":0,"35":1,"36":1,"37":0,"38":1,"39":1},"f":{"0":2,"1":4,"2":2,"3":0,"4":2,"5":0,"6":2,"7":0,"8":2,"9":0,"10":2,"11":1,"12":1,"13":1,"14":1,"15":1},"b":{"0":[2,2],"1":[0],"2":[4,4],"3":[0],"4":[0],"5":[1,0],"6":[1,1],"7":[1,0],"8":[1,1],"9":[0,1],"10":[1,0],"11":[0],"12":[0],"13":[0]}}
,"C:\\Users\\usuario\\Downloads\\TrabalhoFinal (2)\\TrabalhoFinal\\Livro.ts": {"path":"C:\\Users\\usuario\\Downloads\\TrabalhoFinal (2)\\TrabalhoFinal\\Livro.ts","statementMap":{"0":{"start":{"line":8,"column":6},"end":{"line":8,"column":27}},"1":{"start":{"line":9,"column":6},"end":{"line":9,"column":25}},"2":{"start":{"line":10,"column":6},"end":{"line":10,"column":23}},"3":{"start":{"line":11,"column":6},"end":{"line":11,"column":41}},"4":{"start":{"line":15,"column":6},"end":{"line":15,"column":25}},"5":{"start":{"line":19,"column":6},"end":{"line":19,"column":27}},"6":{"start":{"line":23,"column":6},"end":{"line":23,"column":24}},"7":{"start":{"line":27,"column":6},"end":{"line":27,"column":25}},"8":{"start":{"line":31,"column":6},"end":{"line":31,"column":23}},"9":{"start":{"line":35,"column":6},"end":{"line":35,"column":23}},"10":{"start":{"line":39,"column":6},"end":{"line":39,"column":32}},"11":{"start":{"line":43,"column":6},"end":{"line":43,"column":41}},"12":{"start":{"line":47,"column":6},"end":{"line":47,"column":79}},"13":{"start":{"line":51,"column":51},"end":{"line":51,"column":65}},"14":{"start":{"line":52,"column":6},"end":{"line":52,"column":73}},"15":{"start":{"line":56,"column":6},"end":{"line":56,"column":122}},"16":{"start":{"line":1,"column":0},"end":{"line":1,"column":13}}},"fnMap":{"0":{"name":"(anonymous_0)","decl":{"start":{"line":7,"column":2},"end":{"line":7,"column":14}},"loc":{"start":{"line":7,"column":80},"end":{"line":12,"column":3}}},"1":{"name":"(anonymous_1)","decl":{"start":{"line":14,"column":2},"end":{"line":14,"column":11}},"loc":{"start":{"line":14,"column":11},"end":{"line":16,"column":3}}},"2":{"name":"(anonymous_2)","decl":{"start":{"line":18,"column":2},"end":{"line":18,"column":11}},"loc":{"start":{"line":18,"column":26},"end":{"line":20,"column":3}}},"3":{"name":"(anonymous_3)","decl":{"start":{"line":22,"column":2},"end":{"line":22,"column":10}},"loc":{"start":{"line":22,"column":10},"end":{"line":24,"column":3}}},"4":{"name":"(anonymous_4)","decl":{"start":{"line":26,"column":2},"end":{"line":26,"column":10}},"loc":{"start":{"line":26,"column":24},"end":{"line":28,"column":3}}},"5":{"name":"(anonymous_5)","decl":{"start":{"line":30,"column":2},"end":{"line":30,"column":9}},"loc":{"start":{"line":30,"column":9},"end":{"line":32,"column":3}}},"6":{"name":"(anonymous_6)","decl":{"start":{"line":34,"column":2},"end":{"line":34,"column":9}},"loc":{"start":{"line":34,"column":22},"end":{"line":36,"column":3}}},"7":{"name":"(anonymous_7)","decl":{"start":{"line":38,"column":2},"end":{"line":38,"column":18}},"loc":{"start":{"line":38,"column":18},"end":{"line":40,"column":3}}},"8":{"name":"(anonymous_8)","decl":{"start":{"line":42,"column":2},"end":{"line":42,"column":18}},"loc":{"start":{"line":42,"column":40},"end":{"line":44,"column":3}}},"9":{"name":"(anonymous_9)","decl":{"start":{"line":46,"column":2},"end":{"line":46,"column":7}},"loc":{"start":{"line":46,"column":7},"end":{"line":48,"column":3}}},"10":{"name":"(anonymous_10)","decl":{"start":{"line":50,"column":2},"end":{"line":50,"column":8}},"loc":{"start":{"line":50,"column":28},"end":{"line":53,"column":3}}},"11":{"name":"(anonymous_11)","decl":{"start":{"line":55,"column":2},"end":{"line":55,"column":10}},"loc":{"start":{"line":55,"column":10},"end":{"line":57,"column":3}}}},"branchMap":{},"s":{"0":5,"1":5,"2":5,"3":5,"4":3,"5":1,"6":2,"7":0,"8":5,"9":0,"10":2,"11":0,"12":1,"13":1,"14":1,"15":0,"16":2},"f":{"0":5,"1":3,"2":1,"3":2,"4":0,"5":5,"6":0,"7":2,"8":0,"9":1,"10":1,"11":0},"b":{}}
,"C:\\Users\\usuario\\Downloads\\TrabalhoFinal (2)\\TrabalhoFinal\\Membro.ts": {"path":"C:\\Users\\usuario\\Downloads\\TrabalhoFinal (2)\\TrabalhoFinal\\Membro.ts","statementMap":{"0":{"start":{"line":1,"column":0},"end":{"line":1,"column":34}},"1":{"start":{"line":7,"column":8},"end":{"line":7,"column":40}},"2":{"start":{"line":8,"column":8},"end":{"line":8,"column":36}},"3":{"start":{"line":12,"column":8},"end":{"line":12,"column":31}},"4":{"start":{"line":16,"column":8},"end":{"line":16,"column":36}},"5":{"start":{"line":20,"column":8},"end":{"line":20,"column":53}},"6":{"start":{"line":24,"column":54},"end":{"line":24,"column":68}},"7":{"start":{"line":25,"column":8},"end":{"line":25,"column":63}},"8":{"start":{"line":3,"column":0},"end":{"line":3,"column":13}}},"fnMap":{"0":{"name":"(anonymous_0)","decl":{"start":{"line":6,"column":4},"end":{"line":6,"column":16}},"loc":{"start":{"line":6,"column":83},"end":{"line":9,"column":5}}},"1":{"name":"(anonymous_1)","decl":{"start":{"line":11,"column":4},"end":{"line":11,"column":16}},"loc":{"start":{"line":11,"column":16},"end":{"line":13,"column":5}}},"2":{"name":"(anonymous_2)","decl":{"start":{"line":15,"column":4},"end":{"line":15,"column":16}},"loc":{"start":{"line":15,"column":34},"end":{"line":17,"column":5}}},"3":{"name":"(anonymous_3)","decl":{"start":{"line":19,"column":4},"end":{"line":19,"column":9}},"loc":{"start":{"line":19,"column":9},"end":{"line":21,"column":5}}},"4":{"name":"(anonymous_4)","decl":{"start":{"line":23,"column":4},"end":{"line":23,"column":10}},"loc":{"start":{"line":23,"column":30},"end":{"line":26,"column":5}}}},"branchMap":{},"s":{"0":2,"1":4,"2":4,"3":5,"4":0,"5":0,"6":0,"7":0,"8":2},"f":{"0":4,"1":5,"2":0,"3":0,"4":0},"b":{}}
,"C:\\Users\\usuario\\Downloads\\TrabalhoFinal (2)\\TrabalhoFinal\\Pessoa.ts": {"path":"C:\\Users\\usuario\\Downloads\\TrabalhoFinal (2)\\TrabalhoFinal\\Pessoa.ts","statementMap":{"0":{"start":{"line":3,"column":16},"end":{"line":3,"column":28}},"1":{"start":{"line":4,"column":16},"end":{"line":4,"column":32}},"2":{"start":{"line":5,"column":16},"end":{"line":5,"column":32}},"3":{"start":{"line":9,"column":8},"end":{"line":9,"column":25}},"4":{"start":{"line":13,"column":8},"end":{"line":13,"column":25}},"5":{"start":{"line":17,"column":8},"end":{"line":17,"column":29}},"6":{"start":{"line":21,"column":8},"end":{"line":21,"column":33}},"7":{"start":{"line":25,"column":8},"end":{"line":25,"column":29}},"8":{"start":{"line":29,"column":8},"end":{"line":29,"column":33}},"9":{"start":{"line":33,"column":8},"end":{"line":33,"column":92}},"10":{"start":{"line":37,"column":8},"end":{"line":37,"column":64}},"11":{"start":{"line":41,"column":43},"end":{"line":41,"column":57}},"12":{"start":{"line":42,"column":8},"end":{"line":42,"column":52}},"13":{"start":{"line":46,"column":9},"end":{"line":46,"column":15}}},"fnMap":{"0":{"name":"(anonymous_0)","decl":{"start":{"line":2,"column":4},"end":{"line":2,"column":null}},"loc":{"start":{"line":5,"column":32},"end":{"line":6,"column":8}}},"1":{"name":"(anonymous_1)","decl":{"start":{"line":8,"column":11},"end":{"line":8,"column":18}},"loc":{"start":{"line":8,"column":18},"end":{"line":10,"column":5}}},"2":{"name":"(anonymous_2)","decl":{"start":{"line":12,"column":11},"end":{"line":12,"column":18}},"loc":{"start":{"line":12,"column":31},"end":{"line":14,"column":5}}},"3":{"name":"(anonymous_3)","decl":{"start":{"line":16,"column":11},"end":{"line":16,"column":22}},"loc":{"start":{"line":16,"column":22},"end":{"line":18,"column":5}}},"4":{"name":"(anonymous_4)","decl":{"start":{"line":20,"column":11},"end":{"line":20,"column":22}},"loc":{"start":{"line":20,"column":39},"end":{"line":22,"column":5}}},"5":{"name":"(anonymous_5)","decl":{"start":{"line":24,"column":11},"end":{"line":24,"column":22}},"loc":{"start":{"line":24,"column":22},"end":{"line":26,"column":5}}},"6":{"name":"(anonymous_6)","decl":{"start":{"line":28,"column":11},"end":{"line":28,"column":22}},"loc":{"start":{"line":28,"column":39},"end":{"line":30,"column":5}}},"7":{"name":"(anonymous_7)","decl":{"start":{"line":32,"column":11},"end":{"line":32,"column":19}},"loc":{"start":{"line":32,"column":19},"end":{"line":34,"column":5}}},"8":{"name":"(anonymous_8)","decl":{"start":{"line":36,"column":4},"end":{"line":36,"column":9}},"loc":{"start":{"line":36,"column":9},"end":{"line":38,"column":7}}},"9":{"name":"(anonymous_9)","decl":{"start":{"line":40,"column":6},"end":{"line":40,"column":12}},"loc":{"start":{"line":40,"column":32},"end":{"line":43,"column":7}}}},"branchMap":{},"s":{"0":4,"1":4,"2":4,"3":3,"4":1,"5":2,"6":0,"7":2,"8":0,"9":0,"10":0,"11":0,"12":0,"13":2},"f":{"0":4,"1":3,"2":1,"3":2,"4":0,"5":2,"6":0,"7":0,"8":0,"9":0},"b":{}}
}
