TN:
SF:Emprestimo.ts
FN:4,isValidDate
FN:15,(anonymous_1)
FN:26,(anonymous_2)
FN:30,(anonymous_3)
FN:34,(anonymous_4)
FN:38,(anonymous_5)
FN:42,(anonymous_6)
FN:46,(anonymous_7)
FN:50,(anonymous_8)
FN:54,(anonymous_9)
FN:58,(anonymous_10)
FN:62,(anonymous_11)
FN:66,(anonymous_12)
FN:80,(anonymous_13)
FN:82,(anonymous_14)
FN:83,(anonymous_15)
FNF:16
FNH:12
FNDA:2,isValidDate
FNDA:4,(anonymous_1)
FNDA:2,(anonymous_2)
FNDA:0,(anonymous_3)
FNDA:2,(anonymous_4)
FNDA:0,(anonymous_5)
FNDA:2,(anonymous_6)
FNDA:0,(anonymous_7)
FNDA:2,(anonymous_8)
FNDA:0,(anonymous_9)
FNDA:2,(anonymous_10)
FNDA:1,(anonymous_11)
FNDA:1,(anonymous_12)
FNDA:1,(anonymous_13)
FNDA:1,(anonymous_14)
FNDA:1,(anonymous_15)
DA:5,2
DA:8,1
DA:16,4
DA:17,0
DA:19,4
DA:20,4
DA:21,4
DA:22,4
DA:23,4
DA:27,2
DA:31,0
DA:35,2
DA:39,0
DA:43,2
DA:47,0
DA:51,2
DA:55,0
DA:59,2
DA:63,1
DA:67,1
DA:68,0
DA:70,1
DA:71,0
DA:74,1
DA:75,1
DA:76,1
DA:77,1
DA:81,1
DA:82,1
DA:83,1
DA:85,1
DA:86,0
DA:88,1
DA:89,0
DA:92,1
DA:93,1
DA:94,0
DA:96,1
LF:38
LH:28
BRDA:5,0,0,2
BRDA:5,0,1,2
BRDA:16,1,0,0
BRDA:16,2,0,4
BRDA:16,2,1,4
BRDA:67,3,0,0
BRDA:70,4,0,0
BRDA:74,5,0,1
BRDA:74,5,1,0
BRDA:74,6,0,1
BRDA:74,6,1,1
BRDA:75,7,0,1
BRDA:75,7,1,0
BRDA:75,8,0,1
BRDA:75,8,1,1
BRDA:76,9,0,0
BRDA:76,9,1,1
BRDA:76,10,0,1
BRDA:76,10,1,0
BRDA:85,11,0,0
BRDA:88,12,0,0
BRDA:93,13,0,0
BRF:22
BRH:12
end_of_record
TN:
SF:Livro.ts
FN:7,(anonymous_0)
FN:14,(anonymous_1)
FN:18,(anonymous_2)
FN:22,(anonymous_3)
FN:26,(anonymous_4)
FN:30,(anonymous_5)
FN:34,(anonymous_6)
FN:38,(anonymous_7)
FN:42,(anonymous_8)
FN:46,(anonymous_9)
FN:50,(anonymous_10)
FN:55,(anonymous_11)
FNF:12
FNH:8
FNDA:5,(anonymous_0)
FNDA:3,(anonymous_1)
FNDA:1,(anonymous_2)
FNDA:2,(anonymous_3)
FNDA:0,(anonymous_4)
FNDA:5,(anonymous_5)
FNDA:0,(anonymous_6)
FNDA:2,(anonymous_7)
FNDA:0,(anonymous_8)
FNDA:1,(anonymous_9)
FNDA:1,(anonymous_10)
FNDA:0,(anonymous_11)
DA:1,2
DA:8,5
DA:9,5
DA:10,5
DA:11,5
DA:15,3
DA:19,1
DA:23,2
DA:27,0
DA:31,5
DA:35,0
DA:39,2
DA:43,0
DA:47,1
DA:51,1
DA:52,1
DA:56,0
LF:17
LH:13
BRF:0
BRH:0
end_of_record
TN:
SF:Membro.ts
FN:6,(anonymous_0)
FN:11,(anonymous_1)
FN:15,(anonymous_2)
FN:19,(anonymous_3)
FN:23,(anonymous_4)
FNF:5
FNH:2
FNDA:4,(anonymous_0)
FNDA:5,(anonymous_1)
FNDA:0,(anonymous_2)
FNDA:0,(anonymous_3)
FNDA:0,(anonymous_4)
DA:1,2
DA:3,2
DA:7,4
DA:8,4
DA:12,5
DA:16,0
DA:20,0
DA:24,0
DA:25,0
LF:9
LH:5
BRF:0
BRH:0
end_of_record
TN:
SF:Pessoa.ts
FN:2,(anonymous_0)
FN:8,(anonymous_1)
FN:12,(anonymous_2)
FN:16,(anonymous_3)
FN:20,(anonymous_4)
FN:24,(anonymous_5)
FN:28,(anonymous_6)
FN:32,(anonymous_7)
FN:36,(anonymous_8)
FN:40,(anonymous_9)
FNF:10
FNH:5
FNDA:4,(anonymous_0)
FNDA:3,(anonymous_1)
FNDA:1,(anonymous_2)
FNDA:2,(anonymous_3)
FNDA:0,(anonymous_4)
FNDA:2,(anonymous_5)
FNDA:0,(anonymous_6)
FNDA:0,(anonymous_7)
FNDA:0,(anonymous_8)
FNDA:0,(anonymous_9)
DA:3,4
DA:4,4
DA:5,4
DA:9,3
DA:13,1
DA:17,2
DA:21,0
DA:25,2
DA:29,0
DA:33,0
DA:37,0
DA:41,0
DA:42,0
DA:46,2
LF:14
LH:8
BRF:0
BRH:0
end_of_record
